<?xml version="1.0" encoding="UTF-8"?>
<!-- Generated by org.testng.reporters.JUnitReportReporter -->
<testsuite hostname="DESKTOP-9CDL79C" failures="0" tests="1" name="qaclickacademy.Mavenjava.AppTest" time="0.010" errors="0" timestamp="2021-01-31T16:21:10 MST" skipped="0">
  <testcase classname="qaclickacademy.Mavenjava.AppTest" name="shouldAnswerWithTrue" time="0.010"/>
  <system-out/>
</testsuite> <!-- qaclickacademy.Mavenjava.AppTest -->
