<?xml version="1.0" encoding="UTF-8"?>
<!-- Generated by org.testng.reporters.JUnitReportReporter -->
<testsuite hostname="DESKTOP-9CDL79C" failures="0" tests="2" name="qaclickacademy.Mavenjava.AppiumTest" time="0.007" errors="0" timestamp="2021-01-31T16:30:28 MST" skipped="0">
  <testcase classname="qaclickacademy.Mavenjava.AppiumTest" name="android" time="0.003"/>
  <system-out/>
  <testcase classname="qaclickacademy.Mavenjava.AppiumTest" name="iphone" time="0.004"/>
  <system-out/>
</testsuite> <!-- qaclickacademy.Mavenjava.AppiumTest -->
