<?xml version="1.0" encoding="UTF-8"?>
<!-- Generated by org.testng.reporters.JUnitReportReporter -->
<testsuite hostname="DESKTOP-9CDL79C" failures="0" tests="2" name="qaclickacademy.Mavenjava.RestAPI" time="0.030" errors="0" timestamp="2021-01-31T16:22:06 MST" skipped="0">
  <testcase classname="qaclickacademy.Mavenjava.RestAPI" name="deleteTwitter" time="0.023"/>
  <system-out/>
  <testcase classname="qaclickacademy.Mavenjava.RestAPI" name="postJira" time="0.007"/>
  <system-out/>
</testsuite> <!-- qaclickacademy.Mavenjava.RestAPI -->
