<?xml version="1.0" encoding="UTF-8"?>
<!-- Generated by org.testng.reporters.JUnitReportReporter -->
<testsuite hostname="DESKTOP-9CDL79C" failures="0" tests="2" name="qaclickacademy.Mavenjava.SeleniumTest" time="0.000" errors="0" timestamp="2021-01-31T17:07:09 MST" skipped="0">
  <testcase classname="qaclickacademy.Mavenjava.SeleniumTest" name="elements" time="0.000"/>
  <system-out/>
  <testcase classname="qaclickacademy.Mavenjava.SeleniumTest" name="browserAutomation" time="0.000"/>
  <system-out/>
</testsuite> <!-- qaclickacademy.Mavenjava.SeleniumTest -->
